[16:32:09] [main/INFO]: Loading Minecraft 1.21.11 with Fabric Loader 0.18.2
[16:32:10] [main/INFO]: Loading 4 mods:
	- fabricloader 0.18.2
	   \-- mixinextras 0.5.0
	- java 21
	- minecraft 1.21.11
[16:32:10] [main/INFO]: SpongePowered MIXIN Subsystem Version=0.8.7 Source=file:/workspaces/psychic-fiesta/servidor_minecraft/libraries/net/fabricmc/sponge-mixin/0.16.5+mixin.0.8.7/sponge-mixin-0.16.5+mixin.0.8.7.jar Service=Knot/Fabric Env=SERVER
[16:32:16] [main/INFO]: Environment: Environment[sessionHost=https://sessionserver.mojang.com, servicesHost=https://api.minecraftservices.com, profilesHost=https://api.mojang.com, name=PROD]
[16:32:18] [main/INFO]: Loaded 1470 recipes
[16:32:18] [main/INFO]: Loaded 1584 advancements
[16:32:18] [Server thread/INFO]: Starting minecraft server version 1.21.11
[16:32:18] [Server thread/INFO]: Loading properties
[16:32:18] [Server thread/INFO]: Default game type: SURVIVAL
[16:32:18] [Server thread/INFO]: Generating keypair
[16:32:18] [Server thread/INFO]: Starting Minecraft server on *:25565
[16:32:18] [Server thread/WARN]: **** SERVER IS RUNNING IN OFFLINE/INSECURE MODE!
[16:32:18] [Server thread/WARN]: The server will make no attempt to authenticate usernames. Beware.
[16:32:18] [Server thread/WARN]: While this makes the game possible to play without internet access, it also opens up the ability for hackers to connect with any username they choose.
[16:32:18] [Server thread/WARN]: To change this, set "online-mode" to "true" in the server.properties file.
[16:32:18] [Server thread/INFO]: Preparing level "world"
[16:32:19] [Server thread/INFO]: Loading 0 persistent chunks...
[16:32:19] [Server thread/INFO]: Preparing spawn area: 100%
[16:32:19] [Server thread/INFO]: Time elapsed: 14 ms
[16:32:19] [Server thread/INFO]: Done (0.341s)! For help, type "help"
[16:33:19] [Server thread/INFO]: Server empty for 60 seconds, pausing
[16:36:47] [Server thread/INFO]: Bowner[/127.163.189.139:33757] logged in with entity id 67 at (-602.7245700071688, 62.0, -403.69999998807907)
[16:36:47] [Server thread/INFO]: Bowner joined the game
[16:37:55] [Server thread/INFO]: Bowner lost connection: Disconnected
[16:37:55] [Server thread/INFO]: Bowner left the game
